<?xml version="1.0" encoding="UTF-8"?>
<testng-results ignored="0" total="1" passed="1" failed="0" skipped="0">
  <reporter-output>
  </reporter-output>
  <suite started-at="2023-06-05T14:01:43 CEST" name="Command line suite" finished-at="2023-06-05T14:01:43 CEST" duration-ms="117">
    <groups>
    </groups>
    <test started-at="2023-06-05T14:01:43 CEST" name="Command line test" finished-at="2023-06-05T14:01:43 CEST" duration-ms="117">
      <class name="qa.projects.AppTest">
        <test-method signature="testApp()" started-at="2023-06-05T14:01:43 CEST" name="testApp" finished-at="2023-06-05T14:01:43 CEST" duration-ms="40" status="PASS">
          <reporter-output>
          </reporter-output>
        </test-method> <!-- testApp -->
      </class> <!-- qa.projects.AppTest -->
    </test> <!-- Command line test -->
  </suite> <!-- Command line suite -->
</testng-results>
