<?xml version="1.0" encoding="UTF-8"?>
<!-- Generated by org.testng.reporters.JUnitXMLReporter -->
<testsuite ignored="0" hostname="MacBook-Air-3.local" failures="0" tests="9" name="Regression1" time="109.989" errors="0" timestamp="2023-06-13T10:19:08 CEST">
  <testcase classname="qa.projects.RozetkaTests" name="CatalogTest" time="3.918"/>
  <testcase classname="qa.projects.RozetkaTests" name="CatalogTest2" time="0.591"/>
  <testcase classname="qa.projects.RozetkaTests" name="baseCatalogTest" time="0.09"/>
  <testcase classname="qa.projects.RozetkaTests" name="searchCategory" time="4.271"/>
  <testcase classname="qa.projects.CartTests" name="addingToCartTest" time="14.764"/>
  <testcase classname="qa.projects.CartTests" name="compareItemsPriceTest" time="11.368"/>
  <testcase classname="qa.projects.CartTests" name="productImagesSizeTest" time="8.217"/>
  <testcase classname="qa.projects.CartTests" name="searchOfItemsUsingEnterTest" time="8.688"/>
  <testcase classname="qa.projects.CartTests" name="searchResultsValidationTest" time="5.199"/>
</testsuite> <!-- Regression1 -->
