<?xml version="1.0" encoding="UTF-8"?>
<testsuite xmlns:xsi="http://www.w3.org/2001/XMLSchema-instance" xsi:noNamespaceSchemaLocation="https://maven.apache.org/surefire/maven-surefire-plugin/xsd/surefire-test-report-3.0.xsd" version="3.0" name="TestSuite" time="111.783" tests="9" errors="0" skipped="0" failures="0">
  <properties>
[...]
</properties>
  <testcase name="CatalogTest" classname="qa.projects.RozetkaTests" time="4.052">
    <system-out><![CDATA[2023-13-06 10:17:26   INFO [        RozetkaTests:29  ] : Browser was opened
]]></system-out>
    <system-err><![CDATA[SLF4J: Failed to load class "org.slf4j.impl.StaticLoggerBinder".
SLF4J: Defaulting to no-operation (NOP) logger implementation
SLF4J: See http://www.slf4j.org/codes.html#StaticLoggerBinder for further details.
Jun 13, 2023 10:17:18 AM org.openqa.selenium.manager.SeleniumManager getDriverPath
INFO: Applicable driver not found; attempting to install with Selenium Manager (Beta)
1686644241109	geckodriver	INFO	Listening on 127.0.0.1:25773
1686644241564	mozrunner::runner	INFO	Running command: MOZ_CRASHREPORTER="1" MOZ_CRASHREPORTER_NO_REPORT="1" MOZ_CRASHREPORTER_SHUTDOWN="1" MOZ_NO_REMOTE="1" "/App ... //[::1]:2319/" "-foreground" "-no-remote" "-profile" "/var/folders/xf/5y9nd7l54yq8vfd060dysq7r0000gp/T/rust_mozprofileK4lShX"
console.warn: services.settings: Ignoring preference override of remote settings server
console.warn: services.settings: Allow by setting MOZ_REMOTE_SETTINGS_DEVTOOLS=1 in the environment
1686644242599	Marionette	INFO	Marionette enabled
1686644242938	Marionette	INFO	Listening on port 54199
console.error: "Warning: unrecognized command line flag -remote-allow-hosts\n"
console.error: "Warning: unrecognized command line flag -remote-allow-origins\n"
Read port: 54199
2023-06-13 10:17:23.140 plugin-container[86521:15414961] nil host used in call to allowsSpecificHTTPSCertificateForHost
2023-06-13 10:17:23.140 plugin-container[86521:15414961] nil host used in call to allowsAnyHTTPSCertificateForHost:
WebDriver BiDi listening on ws://127.0.0.1:2319
2023-06-13 10:17:23.203 plugin-container[86521:15414961] nil host used in call to allowsSpecificHTTPSCertificateForHost
2023-06-13 10:17:23.204 plugin-container[86521:15414961] nil host used in call to allowsAnyHTTPSCertificateForHost:
2023-06-13 10:17:23.205 plugin-container[86521:15414959] nil host used in call to allowsSpecificHTTPSCertificateForHost
2023-06-13 10:17:23.205 plugin-container[86521:15414959] nil host 1u686644243252	RemoteAgent	WARN	TLS certificate errors will be ignored for this session
sed in call to allowsAnyHTTPSCertificateForHost:
DevTools listening on ws://127.0.0.1:2319/devtools/browser/fce527f0-d3f3-4191-b2cb-cd6383787b73
JavaScript error: https://static.hotjar.com/c/hotjar-3494164.js?sv=6, line 3: TypeError: window._hjSettings is undefined
1686644255283	Marionette	WARN	TimedPromise timed out after 500 ms: stacktrace:
TimedPromise/<@chrome://remote/content/marionette/sync.sys.mjs:221:24
TimedPromise@chrome://remote/content/marionette/sync.sys.mjs:205:10
interaction.flushEventLoop@chrome://remote/content/marionette/interaction.sys.mjs:424:10
webdriverClickElement@chrome://remote/content/marionette/interaction.sys.mjs:173:31
]]></system-err>
  </testcase>
  <testcase name="CatalogTest2" classname="qa.projects.RozetkaTests" time="0.406"/>
  <testcase name="baseCatalogTest" classname="qa.projects.RozetkaTests" time="0.09"/>
  <testcase name="searchCategory" classname="qa.projects.RozetkaTests" time="4.287">
    <system-err><![CDATA[console.warn: LoginRecipes: "Falling back to a synchronous message for: https://rozetka.com.ua."
]]></system-err>
  </testcase>
  <testcase name="addingToCartTest" classname="qa.projects.CartTests" time="14.769">
    <system-err><![CDATA[1686644261325	RemoteAgent	INFO	Perform WebSocket upgrade for incoming connection from 127.0.0.1:54549
1686644261333	CDP	WARN	Invalid browser preferences for CDP. Set "fission.webContentIsolationStrategy"to 0 and "fission.bfcacheInParent" to false before Firefox starts.
1686644261474	Marionette	INFO	Stopped listening on port 54199
Jun 13, 2023 10:17:43 AM org.openqa.selenium.manager.SeleniumManager getDriverPath
INFO: Applicable driver not found; attempting to install with Selenium Manager (Beta)
1686644264204	geckodriver	INFO	Listening on 127.0.0.1:33021
1686644264291	mozrunner::runner	INFO	Running command: MOZ_CRASHREPORTER="1" MOZ_CRASHREPORTER_NO_REPORT="1" MOZ_CRASHREPORTER_SHUTDOWN="1" MOZ_NO_REMOTE="1" "/App ... /[::1]:45058/" "-foreground" "-no-remote" "-profile" "/var/folders/xf/5y9nd7l54yq8vfd060dysq7r0000gp/T/rust_mozprofileYwQvie"
console.warn: services.settings: Ignoring preference override of remote settings server
console.warn: services.settings: Allow by setting MOZ_REMOTE_SETTINGS_DEVTOOLS=1 in the environment
1686644265015	Marionette	INFO	Marionette enabled
1686644265229	Marionette	INFO	Listening on port 54596
console.error: "Warning: unrecognized command line flag -remote-allow-hosts\n"
console.error: "Warning: unrecognized command line flag -remote-allow-origins\n"
Read port: 54596
2023-06-13 10:17:45.378 plugin-container[86551:15416022] nil host used in call to allowsSpecificHTTPSCertificateForHost
2023-06-13 10:17:45.379 plugin-container[86551:15416022] nil host used in call to allowsAnyHTTPSCertificateForHost:
2023-06-13 10:17:45.389 plugin-container[86551:15416022] nil host used in call to allowsSpecificHTTPSCertificateForHost
2023-06-13 10:17:45.389 plugin-container[86551:15416022] nil host used in call to allowsAnyHTTPSCertificateForHost:
2023-06-13 10:17:45.391 plugin-container[86551:15416025] nil host used in call to allowsSpecificHTTPSCertificateForHost
2023-06-13 10:17:45.391 plugin-container[86551:15416025] nil host used in call to allowsAnyHTTPSCertificateForHost:
WebDriver BiDi listening on ws://127.0.0.1:45058
1686644265662	RemoteAgent	WARN	TLS certificate errors will be ignored for this session
DevTools listening on ws://127.0.0.1:45058/devtools/browser/5954eeef-220a-442c-a4ef-db03e9dd747c
JavaScript error: https://static.hotjar.com/c/hotjar-3494164.js?sv=6, line 3: TypeError: window._hjSettings is undefined
console.warn: LoginRecipes: "Falling back to a synchronous message for: https://rozetka.com.ua."
JavaScript error: https://api-analytics.rozetka.com.ua/js/exponea.min.js line 47 > Function, line 82: ReferenceError: None is not defined
]]></system-err>
  </testcase>
  <testcase name="compareItemsPriceTest" classname="qa.projects.CartTests" time="11.384">
    <system-err><![CDATA[1686644285406	RemoteAgent	INFO	Perform WebSocket upgrade for incoming connection from 127.0.0.1:54988
1686644285408	CDP	WARN	Invalid browser preferences for CDP. Set "fission.webContentIsolationStrategy"to 0 and "fission.bfcacheInParent" to false before Firefox starts.
1686644285425	Marionette	INFO	Stopped listening on port 54596
Jun 13, 2023 10:18:06 AM org.openqa.selenium.manager.SeleniumManager getDriverPath
INFO: Applicable driver not found; attempting to install with Selenium Manager (Beta)
1686644286577	geckodriver	INFO	Listening on 127.0.0.1:13411
1686644286644	mozrunner::runner	INFO	Running command: MOZ_CRASHREPORTER="1" MOZ_CRASHREPORTER_NO_REPORT="1" MOZ_CRASHREPORTER_SHUTDOWN="1" MOZ_NO_REMOTE="1" "/App ... /[::1]:46949/" "-foreground" "-no-remote" "-profile" "/var/folders/xf/5y9nd7l54yq8vfd060dysq7r0000gp/T/rust_mozprofile0qe0ZC"
console.warn: services.settings: Ignoring preference override of remote settings server
console.warn: services.settings: Allow by setting MOZ_REMOTE_SETTINGS_DEVTOOLS=1 in the environment
1686644287335	Marionette	INFO	Marionette enabled
1686644287589	Marionette	INFO	Listening on port 55011
console.error: "Warning: unrecognized command line flag -remote-allow-hosts\n"
console.error: "Warning: unrecognized command line flag -remote-allow-origins\n"
Read port: 55011
2023-06-13 10:18:07.871 plugin-container[86581:15417170] nil host used in call to allowsSpecificHTTPSCertificateForHost
2023-06-13 10:18:07.873 plugin-container[86581:15417170] nil host used in call to allowsAnyHTTPSCertificateForHost:
2023-06-13 10:18:07.885 plugin-container[86581:15417170] nil host used in call to allowsSpecificHTTPSCertificateForHost
2023-06-13 10:18:07.885 plugin-container[86581:15417170] nil host used in call to allowsAnyHTTPSCertificateForHost:
2023-06-13 10:18:07.888 plugin-container[86581:15417175] nil host used in call to allowsSpecificHTTPSCertificateForHost
2023-06-13 10:18:07.888 plugin-container[86581:15417175] nil host used in call to allowsAnyHTTPSCertificateForHost:
WebDriver BiDi listening on ws://127.0.0.1:46949
1686644288132	RemoteAgent	WARN	TLS certificate errors will be ignored for this session
DevTools listening on ws://127.0.0.1:46949/devtools/browser/6cd85f78-efd1-4180-ad7a-d1fa9680cbaf
JavaScript error: https://static.hotjar.com/c/hotjar-3494164.js?sv=6, line 3: TypeError: window._hjSettings is undefined
]]></system-err>
  </testcase>
  <testcase name="productImagesSizeTest" classname="qa.projects.CartTests" time="8.211">
    <system-out><![CDATA[(160, 211)
https://content1.rozetka.com.ua/goods/images/big_tile/221026603.jpg
]]></system-out>
    <system-err><![CDATA[1686644304474	RemoteAgent	INFO	Perform WebSocket upgrade for incoming connection from 127.0.0.1:55305
1686644304478	CDP	WARN	Invalid browser preferences for CDP. Set "fission.webContentIsolationStrategy"to 0 and "fission.bfcacheInParent" to false before Firefox starts.
1686644304511	Marionette	INFO	Stopped listening on port 55011
Jun 13, 2023 10:18:25 AM org.openqa.selenium.manager.SeleniumManager getDriverPath
INFO: Applicable driver not found; attempting to install with Selenium Manager (Beta)
1686644305873	geckodriver	INFO	Listening on 127.0.0.1:12408
1686644305937	mozrunner::runner	INFO	Running command: MOZ_CRASHREPORTER="1" MOZ_CRASHREPORTER_NO_REPORT="1" MOZ_CRASHREPORTER_SHUTDOWN="1" MOZ_NO_REMOTE="1" "/App ... /[::1]:13582/" "-foreground" "-no-remote" "-profile" "/var/folders/xf/5y9nd7l54yq8vfd060dysq7r0000gp/T/rust_mozprofile588odA"
console.warn: services.settings: Ignoring preference override of remote settings server
console.warn: services.settings: Allow by setting MOZ_REMOTE_SETTINGS_DEVTOOLS=1 in the environment
1686644306618	Marionette	INFO	Marionette enabled
1686644306814	Marionette	INFO	Listening on port 55347
Read port: 55347
console.error: "Warning: unrecognized command line flag -remote-allow-hosts\n"
console.error: "Warning: unrecognized command line flag -remote-allow-origins\n"
2023-06-13 10:18:26.981 plugin-container[86605:15418071] nil host used in call to allowsSpecificHTTPSCertificateForHost
2023-06-13 10:18:26.982 plugin-container[86605:15418071] nil host used in call to allowsAnyHTTPSCertificateForHost:
2023-06-13 10:18:27.010 plugin-container[86605:15418071] nil host used in call to allowsSpecificHTTPSCertificateForHost
2023-06-13 10:18:27.010 plugin-container[86605:15418071] nil host used in call to allowsAnyHTTPSCertificateForHost:
2023-06-13 10:18:27.011 plugin-container[86605:15418069] nil host used in call to allowsSpecificHTTPSCertificateForHost
2023-06-13 10:18:27.011 plugin-container[86605:15418069] nil host used in call to allowsAnyHTTPSCertificateForHost:
WebDriver BiDi listening on ws://127.0.0.1:13582
1686644307211	RemoteAgent	WARN	TLS certificate errors will be ignored for this session
DevTools listening on ws://127.0.0.1:13582/devtools/browser/a793f85b-266d-4079-8fff-3b6559185ac8
JavaScript error: https://static.hotjar.com/c/hotjar-3494164.js?sv=6, line 3: TypeError: window._hjSettings is undefined
JavaScript error: https://api-analytics.rozetka.com.ua/js/exponea.min.js line 47 > Function, line 82: ReferenceError: None is not defined
]]></system-err>
  </testcase>
  <testcase name="searchOfItemsUsingEnterTest" classname="qa.projects.CartTests" time="8.693">
    <system-err><![CDATA[1686644319608	RemoteAgent	INFO	Perform WebSocket upgrade for incoming connection from 127.0.0.1:55646
1686644319612	CDP	WARN	Invalid browser preferences for CDP. Set "fission.webContentIsolationStrategy"to 0 and "fission.bfcacheInParent" to false before Firefox starts.
1686644319629	Marionette	INFO	Stopped listening on port 55347
Jun 13, 2023 10:18:40 AM org.openqa.selenium.manager.SeleniumManager getDriverPath
INFO: Applicable driver not found; attempting to install with Selenium Manager (Beta)
1686644320917	geckodriver	INFO	Listening on 127.0.0.1:47207
1686644320979	mozrunner::runner	INFO	Running command: MOZ_CRASHREPORTER="1" MOZ_CRASHREPORTER_NO_REPORT="1" MOZ_CRASHREPORTER_SHUTDOWN="1" MOZ_NO_REMOTE="1" "/App ... //[::1]:9045/" "-foreground" "-no-remote" "-profile" "/var/folders/xf/5y9nd7l54yq8vfd060dysq7r0000gp/T/rust_mozprofileLOOhBR"
console.warn: services.settings: Ignoring preference override of remote settings server
console.warn: services.settings: Allow by setting MOZ_REMOTE_SETTINGS_DEVTOOLS=1 in the environment
1686644321691	Marionette	INFO	Marionette enabled
1686644321920	Marionette	INFO	Listening on port 55678
console.error: "Warning: unrecognized command line flag -remote-allow-hosts\n"
console.error: "Warning: unrecognized command line flag -remote-allow-origins\n"
Read port: 55678
2023-06-13 10:18:42.117 plugin-container[86630:15418968] nil host used in call to allowsSpecificHTTPSCertificateForHost
2023-06-13 10:18:42.118 plugin-container[86630:15418968] nil host used in call to allowsAnyHTTPSCertificateForHost:
2023-06-13 10:18:42.125 plugin-container[86630:15418968] nil host used in call to allowsSpecificHTTPSCertificateForHost
2023-06-13 10:18:42.125 plugin-container[86630:15418968] nil host used in call to allowsAnyHTTPSCertificateForHost:
2023-06-13 10:18:42.126 plugin-container[86630:15418966] nil host used in call to allowsSpecificHTTPSCertificateForHost
2023-06-13 10:18:42.126 plugin-container[86630:15418966] nil host used in call to allowsAnyHTTPSCertificateForHost:
WebDriver BiDi listening on ws://127.0.0.1:9045
1686644322348	RemoteAgent	WARN	TLS certificate errors will be ignored for this session
DevTools listening on ws://127.0.0.1:9045/devtools/browser/8db6f43b-c845-4931-ab5b-ab552147ae75
JavaScript error: https://static.hotjar.com/c/hotjar-3494164.js?sv=6, line 3: TypeError: window._hjSettings is undefined
]]></system-err>
  </testcase>
  <testcase name="searchResultsValidationTest" classname="qa.projects.CartTests" time="5.201">
    <system-err><![CDATA[1686644335002	RemoteAgent	INFO	Perform WebSocket upgrade for incoming connection from 127.0.0.1:55972
1686644335006	CDP	WARN	Invalid browser preferences for CDP. Set "fission.webContentIsolationStrategy"to 0 and "fission.bfcacheInParent" to false before Firefox starts.
1686644335020	Marionette	INFO	Stopped listening on port 55678
Jun 13, 2023 10:18:55 AM org.openqa.selenium.manager.SeleniumManager getDriverPath
INFO: Applicable driver not found; attempting to install with Selenium Manager (Beta)
1686644336177	geckodriver	INFO	Listening on 127.0.0.1:32217
1686644336237	mozrunner::runner	INFO	Running command: MOZ_CRASHREPORTER="1" MOZ_CRASHREPORTER_NO_REPORT="1" MOZ_CRASHREPORTER_SHUTDOWN="1" MOZ_NO_REMOTE="1" "/App ... /[::1]:16848/" "-foreground" "-no-remote" "-profile" "/var/folders/xf/5y9nd7l54yq8vfd060dysq7r0000gp/T/rust_mozprofileSUHKX0"
console.warn: services.settings: Ignoring preference override of remote settings server
console.warn: services.settings: Allow by setting MOZ_REMOTE_SETTINGS_DEVTOOLS=1 in the environment
1686644336911	Marionette	INFO	Marionette enabled
2023-06-13 10:18:57.229 plugin-container[86659:15419831] nil host used in call to allowsSpecificHTTPSCertificateForHost
2023-06-13 10:18:57.230 plugin-container[86659:15419831] nil host used in call to allowsAnyHTTPSCertificateForHost:
2023-06-13 10:18:57.238 plugin-container[86659:15419831] nil host used in call to allowsSpecificHTTPSCertificateForHost
2023-06-13 10:18:57.239 plugin-container[86659:15419831] nil host used in call to allowsAnyHTTPSCertificateForHost:
2023-06-13 10:18:57.241 plugin-container[86659:15419838] nil host used in call to allowsSpecificHTTPSCertificateForHost
2023-06-13 10:18:57.241 plugin-container[86659:15419838] nil host used in call to allowsAnyHTTPSCertificateForHost:
1686644337294	Marionette	INFO	Listening on port 56005
console.error: "Warning: unrecognized command line flag -remote-allow-hosts\n"
console.error: "Warning: unrecognized command line flag -remote-allow-origins\n"
Read port: 56005
WebDriver BiDi listening on ws://127.0.0.1:16848
1686644337628	RemoteAgent	WARN	TLS certificate errors will be ignored for this session
DevTools listening on ws://127.0.0.1:16848/devtools/browser/13af9268-36a7-4c7c-8785-cf4f1957f4cf
JavaScript error: https://static.hotjar.com/c/hotjar-3494164.js?sv=6, line 3: TypeError: window._hjSettings is undefined
console.warn: LoginRecipes: "Falling back to a synchronous message for: https://rozetka.com.ua."
]]></system-err>
  </testcase>
</testsuite>