<?xml version="1.0" encoding="UTF-8"?>
<testng-results ignored="0" total="9" passed="9" failed="0" skipped="0">
  <reporter-output>
  </reporter-output>
  <suite started-at="2023-06-13T10:17:18 CEST" name="Suite Regression" finished-at="2023-06-13T10:19:08 CEST" duration-ms="109989">
    <groups>
    </groups>
    <test started-at="2023-06-13T10:17:18 CEST" name="Regression1" finished-at="2023-06-13T10:19:08 CEST" duration-ms="109989">
      <class name="qa.projects.RozetkaTests">
        <test-method is-config="true" signature="beforeMethod()[pri:0, instance:qa.projects.RozetkaTests@9816741]" started-at="2023-06-13T10:17:18 CEST" name="beforeMethod" finished-at="2023-06-13T10:17:32 CEST" duration-ms="13943" status="PASS">
          <reporter-output>
          </reporter-output>
        </test-method> <!-- beforeMethod -->
        <test-method signature="CatalogTest()[pri:0, instance:qa.projects.RozetkaTests@9816741]" started-at="2023-06-13T10:17:32 CEST" name="CatalogTest" finished-at="2023-06-13T10:17:36 CEST" duration-ms="3918" status="PASS">
          <reporter-output>
          </reporter-output>
        </test-method> <!-- CatalogTest -->
        <test-method signature="CatalogTest2()[pri:0, instance:qa.projects.RozetkaTests@9816741]" started-at="2023-06-13T10:17:36 CEST" name="CatalogTest2" finished-at="2023-06-13T10:17:36 CEST" duration-ms="591" status="PASS">
          <reporter-output>
          </reporter-output>
        </test-method> <!-- CatalogTest2 -->
        <test-method signature="baseCatalogTest()[pri:0, instance:qa.projects.RozetkaTests@9816741]" started-at="2023-06-13T10:17:36 CEST" name="baseCatalogTest" finished-at="2023-06-13T10:17:36 CEST" duration-ms="90" status="PASS">
          <reporter-output>
          </reporter-output>
        </test-method> <!-- baseCatalogTest -->
        <test-method signature="searchCategory()[pri:0, instance:qa.projects.RozetkaTests@9816741]" started-at="2023-06-13T10:17:36 CEST" name="searchCategory" finished-at="2023-06-13T10:17:41 CEST" duration-ms="4271" status="PASS">
          <reporter-output>
          </reporter-output>
        </test-method> <!-- searchCategory -->
        <test-method is-config="true" signature="afterMethod()[pri:0, instance:qa.projects.RozetkaTests@9816741]" started-at="2023-06-13T10:17:41 CEST" name="afterMethod" finished-at="2023-06-13T10:17:43 CEST" duration-ms="2629" status="PASS">
          <reporter-output>
          </reporter-output>
        </test-method> <!-- afterMethod -->
      </class> <!-- qa.projects.RozetkaTests -->
      <class name="qa.projects.CartTests">
        <test-method is-config="true" signature="beforeMethod()[pri:0, instance:qa.projects.CartTests@5be1d0a4]" started-at="2023-06-13T10:17:43 CEST" name="beforeMethod" finished-at="2023-06-13T10:17:50 CEST" duration-ms="6765" status="PASS">
          <reporter-output>
          </reporter-output>
        </test-method> <!-- beforeMethod -->
        <test-method signature="addingToCartTest()[pri:0, instance:qa.projects.CartTests@5be1d0a4]" started-at="2023-06-13T10:17:50 CEST" name="addingToCartTest" finished-at="2023-06-13T10:18:05 CEST" duration-ms="14764" status="PASS">
          <reporter-output>
          </reporter-output>
        </test-method> <!-- addingToCartTest -->
        <test-method is-config="true" signature="afterMethods()[pri:0, instance:qa.projects.CartTests@5be1d0a4]" started-at="2023-06-13T10:18:05 CEST" name="afterMethods" finished-at="2023-06-13T10:18:06 CEST" duration-ms="841" status="PASS">
          <reporter-output>
          </reporter-output>
        </test-method> <!-- afterMethods -->
        <test-method is-config="true" signature="beforeMethod()[pri:0, instance:qa.projects.CartTests@5be1d0a4]" started-at="2023-06-13T10:18:06 CEST" name="beforeMethod" finished-at="2023-06-13T10:18:13 CEST" duration-ms="6807" status="PASS">
          <reporter-output>
          </reporter-output>
        </test-method> <!-- beforeMethod -->
        <test-method signature="compareItemsPriceTest()[pri:0, instance:qa.projects.CartTests@5be1d0a4]" started-at="2023-06-13T10:18:13 CEST" name="compareItemsPriceTest" finished-at="2023-06-13T10:18:24 CEST" duration-ms="11368" status="PASS">
          <reporter-output>
          </reporter-output>
        </test-method> <!-- compareItemsPriceTest -->
        <test-method is-config="true" signature="afterMethods()[pri:0, instance:qa.projects.CartTests@5be1d0a4]" started-at="2023-06-13T10:18:24 CEST" name="afterMethods" finished-at="2023-06-13T10:18:25 CEST" duration-ms="1116" status="PASS">
          <reporter-output>
          </reporter-output>
        </test-method> <!-- afterMethods -->
        <test-method is-config="true" signature="beforeMethod()[pri:0, instance:qa.projects.CartTests@5be1d0a4]" started-at="2023-06-13T10:18:25 CEST" name="beforeMethod" finished-at="2023-06-13T10:18:31 CEST" duration-ms="5798" status="PASS">
          <reporter-output>
          </reporter-output>
        </test-method> <!-- beforeMethod -->
        <test-method signature="productImagesSizeTest()[pri:0, instance:qa.projects.CartTests@5be1d0a4]" started-at="2023-06-13T10:18:31 CEST" name="productImagesSizeTest" finished-at="2023-06-13T10:18:39 CEST" duration-ms="8217" status="PASS">
          <reporter-output>
          </reporter-output>
        </test-method> <!-- productImagesSizeTest -->
        <test-method is-config="true" signature="afterMethods()[pri:0, instance:qa.projects.CartTests@5be1d0a4]" started-at="2023-06-13T10:18:39 CEST" name="afterMethods" finished-at="2023-06-13T10:18:40 CEST" duration-ms="970" status="PASS">
          <reporter-output>
          </reporter-output>
        </test-method> <!-- afterMethods -->
        <test-method is-config="true" signature="beforeMethod()[pri:0, instance:qa.projects.CartTests@5be1d0a4]" started-at="2023-06-13T10:18:40 CEST" name="beforeMethod" finished-at="2023-06-13T10:18:46 CEST" duration-ms="5716" status="PASS">
          <reporter-output>
          </reporter-output>
        </test-method> <!-- beforeMethod -->
        <test-method signature="searchOfItemsUsingEnterTest()[pri:0, instance:qa.projects.CartTests@5be1d0a4]" started-at="2023-06-13T10:18:46 CEST" name="searchOfItemsUsingEnterTest" finished-at="2023-06-13T10:18:54 CEST" duration-ms="8688" status="PASS">
          <reporter-output>
          </reporter-output>
        </test-method> <!-- searchOfItemsUsingEnterTest -->
        <test-method is-config="true" signature="afterMethods()[pri:0, instance:qa.projects.CartTests@5be1d0a4]" started-at="2023-06-13T10:18:54 CEST" name="afterMethods" finished-at="2023-06-13T10:18:55 CEST" duration-ms="904" status="PASS">
          <reporter-output>
          </reporter-output>
        </test-method> <!-- afterMethods -->
        <test-method is-config="true" signature="beforeMethod()[pri:0, instance:qa.projects.CartTests@5be1d0a4]" started-at="2023-06-13T10:18:55 CEST" name="beforeMethod" finished-at="2023-06-13T10:19:02 CEST" duration-ms="6174" status="PASS">
          <reporter-output>
          </reporter-output>
        </test-method> <!-- beforeMethod -->
        <test-method signature="searchResultsValidationTest()[pri:0, instance:qa.projects.CartTests@5be1d0a4]" started-at="2023-06-13T10:19:02 CEST" name="searchResultsValidationTest" finished-at="2023-06-13T10:19:07 CEST" duration-ms="5199" status="PASS">
          <reporter-output>
          </reporter-output>
        </test-method> <!-- searchResultsValidationTest -->
        <test-method is-config="true" signature="afterMethods()[pri:0, instance:qa.projects.CartTests@5be1d0a4]" started-at="2023-06-13T10:19:07 CEST" name="afterMethods" finished-at="2023-06-13T10:19:08 CEST" duration-ms="907" status="PASS">
          <reporter-output>
          </reporter-output>
        </test-method> <!-- afterMethods -->
      </class> <!-- qa.projects.CartTests -->
    </test> <!-- Regression1 -->
  </suite> <!-- Suite Regression -->
</testng-results>
