<?xml version="1.0" encoding="UTF-8"?>
<testng-results ignored="0" total="1" passed="1" failed="0" skipped="0">
  <reporter-output>
  </reporter-output>
  <suite started-at="2023-06-05T14:56:49 CEST" name="Suite Regression" finished-at="2023-06-05T14:56:49 CEST" duration-ms="208">
    <groups>
    </groups>
    <test started-at="2023-06-05T14:56:49 CEST" name="Regression1" finished-at="2023-06-05T14:56:49 CEST" duration-ms="208">
      <class name="qa.projects.FirstTest">
        <test-method is-config="true" signature="beforeMethod()[pri:0, instance:qa.projects.FirstTest@2ddc8ecb]" started-at="2023-06-05T14:56:49 CEST" name="beforeMethod" finished-at="2023-06-05T14:56:49 CEST" duration-ms="46" status="PASS">
          <reporter-output>
          </reporter-output>
        </test-method> <!-- beforeMethod -->
        <test-method signature="test1()[pri:0, instance:qa.projects.FirstTest@2ddc8ecb]" started-at="2023-06-05T14:56:49 CEST" name="test1" description="First status exec" finished-at="2023-06-05T14:56:49 CEST" duration-ms="15" status="PASS">
          <reporter-output>
          </reporter-output>
        </test-method> <!-- test1 -->
        <test-method is-config="true" signature="afterMethod()[pri:0, instance:qa.projects.FirstTest@2ddc8ecb]" started-at="2023-06-05T14:56:49 CEST" name="afterMethod" finished-at="2023-06-05T14:56:49 CEST" duration-ms="4" status="PASS">
          <reporter-output>
          </reporter-output>
        </test-method> <!-- afterMethod -->
      </class> <!-- qa.projects.FirstTest -->
    </test> <!-- Regression1 -->
  </suite> <!-- Suite Regression -->
</testng-results>
